[0m16:54:54.326304 [debug] [MainThread]: Sending event: {'category': 'dbt', 'action': 'invocation', 'label': 'start', 'context': [<snowplow_tracker.self_describing_json.SelfDescribingJson object at 0x108a65fd0>, <snowplow_tracker.self_describing_json.SelfDescribingJson object at 0x1098efd90>, <snowplow_tracker.self_describing_json.SelfDescribingJson object at 0x1098efed0>]}


============================== 16:54:54.330362 | d62222b6-3f7e-4a58-a67a-37bd4556269d ==============================
[0m16:54:54.330362 [info ] [MainThread]: Running with dbt=1.9.4
[0m16:54:54.330807 [debug] [MainThread]: running dbt with arguments {'printer_width': '80', 'indirect_selection': 'eager', 'write_json': 'True', 'log_cache_events': 'False', 'partial_parse': 'True', 'cache_selected_only': 'False', 'warn_error': 'None', 'debug': 'False', 'profiles_dir': '/Users/felixcanino/.dbt', 'log_path': 'logs', 'fail_fast': 'False', 'version_check': 'True', 'use_colors': 'True', 'use_experimental_parser': 'False', 'no_print': 'None', 'quiet': 'False', 'empty': 'None', 'warn_error_options': 'WarnErrorOptions(include=[], exclude=[])', 'introspect': 'True', 'static_parser': 'True', 'log_format': 'default', 'target_path': 'None', 'invocation_command': 'dbt init', 'send_anonymous_usage_stats': 'True'}
[0m16:55:12.576623 [debug] [MainThread]: Starter project path: /opt/homebrew/lib/python3.13/site-packages/dbt/include/starter_project
[0m16:55:12.592011 [info ] [MainThread]: 
Your new dbt project "us_real_estate_screener" was created!

For more information on how to configure the profiles.yml file,
please consult the dbt documentation here:

  https://docs.getdbt.com/docs/configure-your-profile

One more thing:

Need help? Don't hesitate to reach out to us via GitHub issues or on Slack:

  https://community.getdbt.com/

Happy modeling!

[0m16:55:12.592839 [info ] [MainThread]: Setting up your profile.
[0m16:57:05.752119 [info ] [MainThread]: Profile us_real_estate_screener written to /Users/felixcanino/.dbt/profiles.yml using target's profile_template.yml and your supplied values. Run 'dbt debug' to validate the connection.
[0m16:57:05.772091 [debug] [MainThread]: Resource report: {"command_name": "init", "command_success": true, "command_wall_clock_time": 131.50885, "process_in_blocks": "0", "process_kernel_time": 0.258076, "process_mem_max_rss": "103170048", "process_out_blocks": "0", "process_user_time": 1.046022}
[0m16:57:05.773228 [debug] [MainThread]: Command `dbt init` succeeded at 16:57:05.772806 after 131.51 seconds
[0m16:57:05.775196 [debug] [MainThread]: Sending event: {'category': 'dbt', 'action': 'invocation', 'label': 'end', 'context': [<snowplow_tracker.self_describing_json.SelfDescribingJson object at 0x1099a2d70>, <snowplow_tracker.self_describing_json.SelfDescribingJson object at 0x1093feb10>, <snowplow_tracker.self_describing_json.SelfDescribingJson object at 0x109bd0270>]}
[0m16:57:05.781293 [debug] [MainThread]: Flushing usage events
[0m16:57:06.185619 [debug] [MainThread]: An error was encountered while trying to flush usage events
